
VVCSoftware: VTM Encoder Version 3.0 [Linux][GCC 5.4.0][64 bit] [SIMD=AVX2] 

TOOL CFG: IBD:1 HAD:1 RDQ:1 RDQTS:1 RDpenalty:0 LQP:0 SQP:0 ASR:0 MinSearchWindow:8 RestrictMESampling:0 FEN:1 ECU:0 FDM:1 CFM:0 ESD:0 TransformSkip:1 TransformSkipFast:1 TransformSkipLog2MaxSize:2 Slice: M=0 CIP:0 SAO:1 ALF:1 PCM:0 TransQuantBypassEnabled:0 WPP:0 WPB:0 PME:2 TMVPMode:1  DQ:1  SignBitHidingFlag:0 RecalQP:0 
NEXT TOOL CFG: Affine:1 AffineType:1 SubPuMvp:1+0 DualITree:1 LargeCTU:1 IMV:2 BIO:0 DisMDC:0 MTT:1 LMChroma:1 EMT: 1(intra) 0(inter) CompositeLTReference:0 GBi:0 GBiFast:0 LADF:0 MHIntra:0 Triangle:0 CPR:0 
FAST TOOL CFG: LCTUFast:1 FastMrg:1 PBIntraFast:1 IMV4PelFast:1 EMTFast: 1(intra) 0(inter) AMaxBT:1 E0023FastEnc:1 ContentBasedFastQtbt:0 NumSplitThreads:1 NumWppThreads:1+0 EnsureWppBitEqual:0 


 started @ Fri May 24 16:34:33 2019
Adding 34755 bytes of padding
POC    0 TId: 0 ( I-SLICE, QP 22 )   32321960 bits [Y 42.9888 dB    U 41.4466 dB    V 41.5079 dB] [ET  9982 ] [L0 ] [L1 ]
Adding 22503 bytes of padding
POC    1 TId: 0 ( I-SLICE, QP 22 )   32466424 bits [Y 42.8305 dB    U 41.5109 dB    V 41.5276 dB] [ET  9779 ] [L0 ] [L1 ]
Adding 21999 bytes of padding
POC    2 TId: 0 ( I-SLICE, QP 22 )   32608208 bits [Y 42.9295 dB    U 41.5159 dB    V 41.5591 dB] [ET  9968 ] [L0 ] [L1 ]
Adding 11919 bytes of padding
POC    3 TId: 0 ( I-SLICE, QP 22 )   32446160 bits [Y 42.6904 dB    U 41.4399 dB    V 41.5239 dB] [ET 10190 ] [L0 ] [L1 ]
Adding 30909 bytes of padding
POC    4 TId: 0 ( I-SLICE, QP 22 )   32665344 bits [Y 42.8836 dB    U 41.5427 dB    V 41.5730 dB] [ET  9955 ] [L0 ] [L1 ]
Adding 19701 bytes of padding
POC    5 TId: 0 ( I-SLICE, QP 22 )   32353536 bits [Y 42.9730 dB    U 41.5493 dB    V 41.5292 dB] [ET  9964 ] [L0 ] [L1 ]
Adding 31269 bytes of padding
POC    6 TId: 0 ( I-SLICE, QP 22 )   32288752 bits [Y 43.0120 dB    U 41.6083 dB    V 41.5469 dB] [ET 10103 ] [L0 ] [L1 ]
Adding 28605 bytes of padding
POC    7 TId: 0 ( I-SLICE, QP 22 )   32263584 bits [Y 43.0312 dB    U 41.5458 dB    V 41.5120 dB] [ET  9912 ] [L0 ] [L1 ]

	Total Frames |   Bitrate     Y-PSNR    U-PSNR    V-PSNR    YUV-PSNR 
	        8    a  243200.5950   42.9174   41.5199   41.5350   42.4022

 finished @ Sat May 25 14:45:34 2019
 Total Time:    79855.566 sec. [user]    79860.843 sec. [elapsed]
