
VVCSoftware: VTM Encoder Version 3.0 [Linux][GCC 5.4.0][64 bit] [SIMD=AVX2] 

TOOL CFG: IBD:1 HAD:1 RDQ:1 RDQTS:1 RDpenalty:0 LQP:0 SQP:0 ASR:0 MinSearchWindow:8 RestrictMESampling:0 FEN:1 ECU:0 FDM:1 CFM:0 ESD:0 TransformSkip:1 TransformSkipFast:1 TransformSkipLog2MaxSize:2 Slice: M=0 CIP:0 SAO:1 ALF:1 PCM:0 TransQuantBypassEnabled:0 WPP:0 WPB:0 PME:2 TMVPMode:1  DQ:1  SignBitHidingFlag:0 RecalQP:0 
NEXT TOOL CFG: Affine:1 AffineType:1 SubPuMvp:1+0 DualITree:1 LargeCTU:1 IMV:2 BIO:0 DisMDC:0 MTT:1 LMChroma:1 EMT: 1(intra) 0(inter) CompositeLTReference:0 GBi:0 GBiFast:0 LADF:0 MHIntra:0 Triangle:0 CPR:0 
FAST TOOL CFG: LCTUFast:1 FastMrg:1 PBIntraFast:1 IMV4PelFast:1 EMTFast: 1(intra) 0(inter) AMaxBT:1 E0023FastEnc:1 ContentBasedFastQtbt:0 NumSplitThreads:1 NumWppThreads:1+0 EnsureWppBitEqual:0 


 started @ Sat Jun  8 05:58:18 2019
Adding 275346 bytes of padding
POC    0 TId: 0 ( I-SLICE, QP 27 )   27789528 bits [Y 38.8343 dB    U 36.5183 dB    V 36.5162 dB] [ET 14003 ] [L0 ] [L1 ]
Adding 262668 bytes of padding
POC    1 TId: 0 ( I-SLICE, QP 27 )   27890736 bits [Y 38.7216 dB    U 36.5361 dB    V 36.5373 dB] [ET 13977 ] [L0 ] [L1 ]
Adding 265611 bytes of padding
POC    2 TId: 0 ( I-SLICE, QP 27 )   27976744 bits [Y 38.7262 dB    U 36.5302 dB    V 36.5359 dB] [ET 14065 ] [L0 ] [L1 ]
Adding 261426 bytes of padding
POC    3 TId: 0 ( I-SLICE, QP 27 )   27968576 bits [Y 38.6480 dB    U 36.5455 dB    V 36.5438 dB] [ET 14090 ] [L0 ] [L1 ]
Adding 261117 bytes of padding
POC    4 TId: 0 ( I-SLICE, QP 27 )   28031392 bits [Y 38.6773 dB    U 36.5722 dB    V 36.5130 dB] [ET 14016 ] [L0 ] [L1 ]
Adding 270414 bytes of padding
POC    5 TId: 0 ( I-SLICE, QP 27 )   27904352 bits [Y 38.6694 dB    U 36.5587 dB    V 36.5218 dB] [ET 13964 ] [L0 ] [L1 ]
Adding 275733 bytes of padding
POC    6 TId: 0 ( I-SLICE, QP 27 )   27767904 bits [Y 37.8044 dB    U 36.5505 dB    V 36.5136 dB] [ET 14015 ] [L0 ] [L1 ]
Adding 279870 bytes of padding
POC    7 TId: 0 ( I-SLICE, QP 27 )   27804824 bits [Y 38.8366 dB    U 36.5343 dB    V 36.4716 dB] [ET 14048 ] [L0 ] [L1 ]

	Total Frames |   Bitrate     Y-PSNR    U-PSNR    V-PSNR    YUV-PSNR 
	        8    a  209188.1775   38.6147   36.5432   36.5192   37.7974

 finished @ Sun Jun  9 13:08:03 2019
 Total Time:   112177.559 sec. [user]   112185.185 sec. [elapsed]
