
VVCSoftware: VTM Encoder Version 3.0 [Linux][GCC 5.4.0][64 bit] [SIMD=AVX2] 

TOOL CFG: IBD:1 HAD:1 RDQ:1 RDQTS:1 RDpenalty:0 LQP:0 SQP:0 ASR:0 MinSearchWindow:8 RestrictMESampling:0 FEN:1 ECU:0 FDM:1 CFM:0 ESD:0 TransformSkip:1 TransformSkipFast:1 TransformSkipLog2MaxSize:2 Slice: M=0 CIP:0 SAO:1 ALF:1 PCM:0 TransQuantBypassEnabled:0 WPP:0 WPB:0 PME:2 TMVPMode:1  DQ:1  SignBitHidingFlag:0 RecalQP:0 
NEXT TOOL CFG: Affine:1 AffineType:1 SubPuMvp:1+0 DualITree:1 LargeCTU:1 IMV:2 BIO:0 DisMDC:0 MTT:1 LMChroma:1 EMT: 1(intra) 0(inter) CompositeLTReference:0 GBi:0 GBiFast:0 LADF:0 MHIntra:0 Triangle:0 CPR:0 
FAST TOOL CFG: LCTUFast:1 FastMrg:1 PBIntraFast:1 IMV4PelFast:1 EMTFast: 1(intra) 0(inter) AMaxBT:1 E0023FastEnc:1 ContentBasedFastQtbt:0 NumSplitThreads:1 NumWppThreads:1+0 EnsureWppBitEqual:0 


 started @ Thu Jun 13 00:14:34 2019
Adding 95652 bytes of padding
POC    0 TId: 0 ( I-SLICE, QP 32 )   17795712 bits [Y 35.5429 dB    U 33.7437 dB    V 33.7855 dB] [ET 12863 ] [L0 ] [L1 ]
Adding 87336 bytes of padding
POC    1 TId: 0 ( I-SLICE, QP 32 )   17735968 bits [Y 35.5359 dB    U 33.7776 dB    V 33.8389 dB] [ET 13007 ] [L0 ] [L1 ]
Adding 82104 bytes of padding
POC    2 TId: 0 ( I-SLICE, QP 32 )   17787560 bits [Y 35.2722 dB    U 33.7800 dB    V 33.8255 dB] [ET 12986 ] [L0 ] [L1 ]
Adding 77172 bytes of padding
POC    3 TId: 0 ( I-SLICE, QP 32 )   17748816 bits [Y 35.4567 dB    U 33.7810 dB    V 33.8133 dB] [ET 12887 ] [L0 ] [L1 ]
Adding 79062 bytes of padding
POC    4 TId: 0 ( I-SLICE, QP 32 )   17899680 bits [Y 35.4674 dB    U 33.8545 dB    V 33.6747 dB] [ET 12959 ] [L0 ] [L1 ]
Adding 88083 bytes of padding
POC    5 TId: 0 ( I-SLICE, QP 32 )   17860536 bits [Y 35.5661 dB    U 33.8672 dB    V 33.6613 dB] [ET 12878 ] [L0 ] [L1 ]
Adding 96018 bytes of padding
POC    6 TId: 0 ( I-SLICE, QP 32 )   17725000 bits [Y 35.5229 dB    U 33.8461 dB    V 33.7021 dB] [ET 12874 ] [L0 ] [L1 ]
Adding 90135 bytes of padding
POC    7 TId: 0 ( I-SLICE, QP 32 )   17990040 bits [Y 35.6124 dB    U 33.7279 dB    V 33.5722 dB] [ET 13030 ] [L0 ] [L1 ]

	Total Frames |   Bitrate     Y-PSNR    U-PSNR    V-PSNR    YUV-PSNR 
	        8    a  133634.3550   35.4971   33.7972   33.7342   34.8393

 finished @ Fri Jun 14 04:59:26 2019
 Total Time:   103484.503 sec. [user]   103491.475 sec. [elapsed]
