
VVCSoftware: VTM Encoder Version 3.0 [Linux][GCC 5.4.0][64 bit] [SIMD=AVX2] 

TOOL CFG: IBD:1 HAD:1 RDQ:1 RDQTS:1 RDpenalty:0 LQP:0 SQP:0 ASR:0 MinSearchWindow:8 RestrictMESampling:0 FEN:1 ECU:0 FDM:1 CFM:0 ESD:0 TransformSkip:1 TransformSkipFast:1 TransformSkipLog2MaxSize:2 Slice: M=0 CIP:0 SAO:1 ALF:1 PCM:0 TransQuantBypassEnabled:0 WPP:0 WPB:0 PME:2 TMVPMode:1  DQ:1  SignBitHidingFlag:0 RecalQP:0 
NEXT TOOL CFG: Affine:1 AffineType:1 SubPuMvp:1+0 DualITree:1 LargeCTU:1 IMV:2 BIO:0 DisMDC:0 MTT:1 LMChroma:1 EMT: 1(intra) 0(inter) CompositeLTReference:0 GBi:0 GBiFast:0 LADF:0 MHIntra:0 Triangle:0 CPR:0 
FAST TOOL CFG: LCTUFast:1 FastMrg:1 PBIntraFast:1 IMV4PelFast:1 EMTFast: 1(intra) 0(inter) AMaxBT:1 E0023FastEnc:1 ContentBasedFastQtbt:0 NumSplitThreads:1 NumWppThreads:1+0 EnsureWppBitEqual:0 


 started @ Sat Jun  1 16:18:26 2019
Adding 349209 bytes of padding
POC    0 TId: 0 ( I-SLICE, QP 27 )   26605520 bits [Y 38.0997 dB    U 36.6307 dB    V 36.6761 dB] [ET  7429 ] [L0 ] [L1 ]
Adding 357390 bytes of padding
POC    1 TId: 0 ( I-SLICE, QP 27 )   26821400 bits [Y 39.1773 dB    U 36.6345 dB    V 36.6924 dB] [ET  7147 ] [L0 ] [L1 ]
Adding 336804 bytes of padding
POC    2 TId: 0 ( I-SLICE, QP 27 )   26804616 bits [Y 39.2405 dB    U 36.6429 dB    V 36.6715 dB] [ET  7319 ] [L0 ] [L1 ]
Adding 332820 bytes of padding
POC    3 TId: 0 ( I-SLICE, QP 27 )   26768432 bits [Y 39.2248 dB    U 36.6504 dB    V 36.7026 dB] [ET  7342 ] [L0 ] [L1 ]
Adding 339627 bytes of padding
POC    4 TId: 0 ( I-SLICE, QP 27 )   26846184 bits [Y 39.1853 dB    U 36.6981 dB    V 36.6590 dB] [ET  7381 ] [L0 ] [L1 ]
Adding 350949 bytes of padding
POC    5 TId: 0 ( I-SLICE, QP 27 )   26703920 bits [Y 39.1703 dB    U 36.6558 dB    V 36.6779 dB] [ET  7493 ] [L0 ] [L1 ]
Adding 351804 bytes of padding
POC    6 TId: 0 ( I-SLICE, QP 27 )   26681344 bits [Y 39.3163 dB    U 36.6855 dB    V 36.6573 dB] [ET  7215 ] [L0 ] [L1 ]
Adding 349143 bytes of padding
POC    7 TId: 0 ( I-SLICE, QP 27 )   26529264 bits [Y 39.1533 dB    U 36.6279 dB    V 36.5875 dB] [ET  7432 ] [L0 ] [L1 ]

	Total Frames |   Bitrate     Y-PSNR    U-PSNR    V-PSNR    YUV-PSNR 
	        8    a  200400.6375   39.0709   36.6532   36.6655   38.1016

 finished @ Sun Jun  2 08:37:51 2019
 Total Time:    58760.909 sec. [user]    58764.806 sec. [elapsed]
