
VVCSoftware: VTM Encoder Version 3.0 [Linux][GCC 5.4.0][64 bit] [SIMD=AVX2] 

TOOL CFG: IBD:1 HAD:1 RDQ:1 RDQTS:1 RDpenalty:0 LQP:0 SQP:0 ASR:0 MinSearchWindow:8 RestrictMESampling:0 FEN:1 ECU:0 FDM:1 CFM:0 ESD:0 TransformSkip:1 TransformSkipFast:1 TransformSkipLog2MaxSize:2 Slice: M=0 CIP:0 SAO:1 ALF:1 PCM:0 TransQuantBypassEnabled:0 WPP:0 WPB:0 PME:2 TMVPMode:1  DQ:1  SignBitHidingFlag:0 RecalQP:0 
NEXT TOOL CFG: Affine:1 AffineType:1 SubPuMvp:1+0 DualITree:1 LargeCTU:1 IMV:2 BIO:0 DisMDC:0 MTT:1 LMChroma:1 EMT: 1(intra) 0(inter) CompositeLTReference:0 GBi:0 GBiFast:0 LADF:0 MHIntra:0 Triangle:0 CPR:0 
FAST TOOL CFG: LCTUFast:1 FastMrg:1 PBIntraFast:1 IMV4PelFast:1 EMTFast: 1(intra) 0(inter) AMaxBT:1 E0023FastEnc:1 ContentBasedFastQtbt:0 NumSplitThreads:1 NumWppThreads:1+0 EnsureWppBitEqual:0 


 started @ Sat Jun 22 05:35:24 2019
Adding 119445 bytes of padding
POC    0 TId: 0 ( I-SLICE, QP 37 )   12408344 bits [Y 31.1713 dB    U 30.8226 dB    V 30.9453 dB] [ET 12805 ] [L0 ] [L1 ]
Adding 104886 bytes of padding
POC    1 TId: 0 ( I-SLICE, QP 37 )   12188560 bits [Y 31.1369 dB    U 30.8245 dB    V 31.0378 dB] [ET 12940 ] [L0 ] [L1 ]
Adding 120792 bytes of padding
POC    2 TId: 0 ( I-SLICE, QP 37 )   12551176 bits [Y 30.7752 dB    U 30.8449 dB    V 30.9786 dB] [ET 12594 ] [L0 ] [L1 ]
Adding 100011 bytes of padding
POC    3 TId: 0 ( I-SLICE, QP 37 )   12328120 bits [Y 30.9695 dB    U 30.8477 dB    V 30.9809 dB] [ET 12816 ] [L0 ] [L1 ]
Adding 93954 bytes of padding
POC    4 TId: 0 ( I-SLICE, QP 37 )   12405840 bits [Y 30.9494 dB    U 30.9668 dB    V 30.7816 dB] [ET 12825 ] [L0 ] [L1 ]
Adding 121845 bytes of padding
POC    5 TId: 0 ( I-SLICE, QP 37 )   12593000 bits [Y 31.1504 dB    U 31.0018 dB    V 30.7886 dB] [ET 12670 ] [L0 ] [L1 ]
Adding 90855 bytes of padding
POC    6 TId: 0 ( I-SLICE, QP 37 )   11948080 bits [Y 31.1462 dB    U 30.9706 dB    V 30.8366 dB] [ET 13108 ] [L0 ] [L1 ]
Adding 101766 bytes of padding
POC    7 TId: 0 ( I-SLICE, QP 37 )   12400352 bits [Y 31.0451 dB    U 30.7929 dB    V 30.5929 dB] [ET 13034 ] [L0 ] [L1 ]

	Total Frames |   Bitrate     Y-PSNR    U-PSNR    V-PSNR    YUV-PSNR 
	        8    a   92647.0050   31.0430   30.8840   30.8678   30.9848

 finished @ Sun Jun 23 10:08:42 2019
 Total Time:   102791.118 sec. [user]   102797.937 sec. [elapsed]
