
VVCSoftware: VTM Encoder Version 3.0 [Linux][GCC 5.4.0][64 bit] [SIMD=AVX2] 

TOOL CFG: IBD:1 HAD:1 RDQ:1 RDQTS:1 RDpenalty:0 LQP:0 SQP:0 ASR:0 MinSearchWindow:8 RestrictMESampling:0 FEN:1 ECU:0 FDM:1 CFM:0 ESD:0 TransformSkip:1 TransformSkipFast:1 TransformSkipLog2MaxSize:2 Slice: M=0 CIP:0 SAO:1 ALF:1 PCM:0 TransQuantBypassEnabled:0 WPP:0 WPB:0 PME:2 TMVPMode:1  DQ:1  SignBitHidingFlag:0 RecalQP:0 
NEXT TOOL CFG: Affine:1 AffineType:1 SubPuMvp:1+0 DualITree:1 LargeCTU:1 IMV:2 BIO:0 DisMDC:0 MTT:1 LMChroma:1 EMT: 1(intra) 0(inter) CompositeLTReference:0 GBi:0 GBiFast:0 LADF:0 MHIntra:0 Triangle:0 CPR:0 
FAST TOOL CFG: LCTUFast:1 FastMrg:1 PBIntraFast:1 IMV4PelFast:1 EMTFast: 1(intra) 0(inter) AMaxBT:1 E0023FastEnc:1 ContentBasedFastQtbt:0 NumSplitThreads:1 NumWppThreads:1+0 EnsureWppBitEqual:0 


 started @ Sat Jun 15 02:45:04 2019
Adding 100500 bytes of padding
POC    0 TId: 0 ( I-SLICE, QP 32 )   17881880 bits [Y 35.3316 dB    U 33.7527 dB    V 33.7949 dB] [ET 15101 ] [L0 ] [L1 ]
Adding 97233 bytes of padding
POC    1 TId: 0 ( I-SLICE, QP 32 )   17879336 bits [Y 35.5422 dB    U 33.7770 dB    V 33.8333 dB] [ET 15126 ] [L0 ] [L1 ]
Adding 85686 bytes of padding
POC    2 TId: 0 ( I-SLICE, QP 32 )   17878368 bits [Y 35.2047 dB    U 33.7998 dB    V 33.8388 dB] [ET 15073 ] [L0 ] [L1 ]
Adding 80388 bytes of padding
POC    3 TId: 0 ( I-SLICE, QP 32 )   17861336 bits [Y 35.4373 dB    U 33.7733 dB    V 33.8049 dB] [ET 15048 ] [L0 ] [L1 ]
Adding 85965 bytes of padding
POC    4 TId: 0 ( I-SLICE, QP 32 )   18092200 bits [Y 35.4080 dB    U 33.8411 dB    V 33.6575 dB] [ET 15089 ] [L0 ] [L1 ]
Adding 101112 bytes of padding
POC    5 TId: 0 ( I-SLICE, QP 32 )   18063496 bits [Y 35.5494 dB    U 33.8416 dB    V 33.6894 dB] [ET 14914 ] [L0 ] [L1 ]
Adding 104682 bytes of padding
POC    6 TId: 0 ( I-SLICE, QP 32 )   17902224 bits [Y 35.5315 dB    U 33.8477 dB    V 33.7088 dB] [ET 15066 ] [L0 ] [L1 ]
Adding 102894 bytes of padding
POC    7 TId: 0 ( I-SLICE, QP 32 )   18195416 bits [Y 35.5886 dB    U 33.7045 dB    V 33.5677 dB] [ET 15134 ] [L0 ] [L1 ]

	Total Frames |   Bitrate     Y-PSNR    U-PSNR    V-PSNR    YUV-PSNR 
	        8    a  134769.6150   35.4492   33.7922   33.7369   34.8109

 finished @ Sun Jun 16 12:14:21 2019
 Total Time:   120548.226 sec. [user]   120556.321 sec. [elapsed]
