
VVCSoftware: VTM Encoder Version 3.0 [Linux][GCC 5.4.0][64 bit] [SIMD=AVX2] 

TOOL CFG: IBD:1 HAD:1 RDQ:1 RDQTS:1 RDpenalty:0 LQP:0 SQP:0 ASR:0 MinSearchWindow:8 RestrictMESampling:0 FEN:1 ECU:0 FDM:1 CFM:0 ESD:0 TransformSkip:1 TransformSkipFast:1 TransformSkipLog2MaxSize:2 Slice: M=0 CIP:0 SAO:1 ALF:1 PCM:0 TransQuantBypassEnabled:0 WPP:0 WPB:0 PME:2 TMVPMode:1  DQ:1  SignBitHidingFlag:0 RecalQP:0 
NEXT TOOL CFG: Affine:1 AffineType:1 SubPuMvp:1+0 DualITree:1 LargeCTU:1 IMV:2 BIO:0 DisMDC:0 MTT:1 LMChroma:1 EMT: 1(intra) 0(inter) CompositeLTReference:0 GBi:0 GBiFast:0 LADF:0 MHIntra:0 Triangle:0 CPR:0 
FAST TOOL CFG: LCTUFast:1 FastMrg:1 PBIntraFast:1 IMV4PelFast:1 EMTFast: 1(intra) 0(inter) AMaxBT:1 E0023FastEnc:1 ContentBasedFastQtbt:0 NumSplitThreads:1 NumWppThreads:1+0 EnsureWppBitEqual:0 


 started @ Mon Jun 10 10:45:07 2019
Adding 95052 bytes of padding
POC    0 TId: 0 ( I-SLICE, QP 32 )   17756368 bits [Y 35.5095 dB    U 33.7672 dB    V 33.8123 dB] [ET  7581 ] [L0 ] [L1 ]
Adding 85665 bytes of padding
POC    1 TId: 0 ( I-SLICE, QP 32 )   17640296 bits [Y 35.4703 dB    U 33.7623 dB    V 33.8501 dB] [ET  7535 ] [L0 ] [L1 ]
Adding 75153 bytes of padding
POC    2 TId: 0 ( I-SLICE, QP 32 )   17671992 bits [Y 35.1026 dB    U 33.7967 dB    V 33.8481 dB] [ET  7535 ] [L0 ] [L1 ]
Adding 74493 bytes of padding
POC    3 TId: 0 ( I-SLICE, QP 32 )   17680936 bits [Y 35.3772 dB    U 33.7911 dB    V 33.8227 dB] [ET  7510 ] [L0 ] [L1 ]
Adding 68196 bytes of padding
POC    4 TId: 0 ( I-SLICE, QP 32 )   17843856 bits [Y 35.4209 dB    U 33.8512 dB    V 33.6770 dB] [ET  7597 ] [L0 ] [L1 ]
Adding 85080 bytes of padding
POC    5 TId: 0 ( I-SLICE, QP 32 )   17807688 bits [Y 35.4839 dB    U 33.8622 dB    V 33.6554 dB] [ET  7524 ] [L0 ] [L1 ]
Adding 93681 bytes of padding
POC    6 TId: 0 ( I-SLICE, QP 32 )   17708376 bits [Y 35.5105 dB    U 33.8571 dB    V 33.7372 dB] [ET  7514 ] [L0 ] [L1 ]
Adding 88893 bytes of padding
POC    7 TId: 0 ( I-SLICE, QP 32 )   17961624 bits [Y 35.5570 dB    U 33.7429 dB    V 33.5755 dB] [ET  7522 ] [L0 ] [L1 ]

	Total Frames |   Bitrate     Y-PSNR    U-PSNR    V-PSNR    YUV-PSNR 
	        8    a  133191.6900   35.4290   33.8038   33.7473   34.8037

 finished @ Tue Jun 11 03:30:32 2019
 Total Time:    60320.505 sec. [user]    60324.626 sec. [elapsed]
