
VVCSoftware: VTM Encoder Version 3.0 [Linux][GCC 5.4.0][64 bit] [SIMD=AVX2] 

TOOL CFG: IBD:1 HAD:1 RDQ:1 RDQTS:1 RDpenalty:0 LQP:0 SQP:0 ASR:0 MinSearchWindow:8 RestrictMESampling:0 FEN:1 ECU:0 FDM:1 CFM:0 ESD:0 TransformSkip:1 TransformSkipFast:1 TransformSkipLog2MaxSize:2 Slice: M=0 CIP:0 SAO:1 ALF:1 PCM:0 TransQuantBypassEnabled:0 WPP:0 WPB:0 PME:2 TMVPMode:1  DQ:1  SignBitHidingFlag:0 RecalQP:0 
NEXT TOOL CFG: Affine:1 AffineType:1 SubPuMvp:1+0 DualITree:1 LargeCTU:1 IMV:2 BIO:0 DisMDC:0 MTT:1 LMChroma:1 EMT: 1(intra) 0(inter) CompositeLTReference:0 GBi:0 GBiFast:0 LADF:0 MHIntra:0 Triangle:0 CPR:0 
FAST TOOL CFG: LCTUFast:1 FastMrg:1 PBIntraFast:1 IMV4PelFast:1 EMTFast: 1(intra) 0(inter) AMaxBT:1 E0023FastEnc:1 ContentBasedFastQtbt:0 NumSplitThreads:1 NumWppThreads:1+0 EnsureWppBitEqual:0 


 started @ Wed May 22 22:35:40 2019
Adding 157506 bytes of padding
POC    0 TId: 0 ( I-SLICE, QP 22 )   26260816 bits [Y 33.7316 dB    U 40.6496 dB    V 40.5645 dB] [ET 11202 ] [L0 ] [L1 ]
Adding 152868 bytes of padding
POC    1 TId: 0 ( I-SLICE, QP 22 )   26465872 bits [Y 35.0571 dB    U 40.6725 dB    V 40.5846 dB] [ET 11313 ] [L0 ] [L1 ]
Adding 159732 bytes of padding
POC    2 TId: 0 ( I-SLICE, QP 22 )   26742024 bits [Y 34.1734 dB    U 40.7365 dB    V 40.6842 dB] [ET 11059 ] [L0 ] [L1 ]
Adding 144177 bytes of padding
POC    3 TId: 0 ( I-SLICE, QP 22 )   26606920 bits [Y 33.0248 dB    U 40.7280 dB    V 40.6792 dB] [ET 11185 ] [L0 ] [L1 ]
Adding 149394 bytes of padding
POC    4 TId: 0 ( I-SLICE, QP 22 )   26547576 bits [Y 33.7128 dB    U 40.8088 dB    V 40.6950 dB] [ET 11026 ] [L0 ] [L1 ]
Adding 154488 bytes of padding
POC    5 TId: 0 ( I-SLICE, QP 22 )   26373216 bits [Y 33.5950 dB    U 40.5009 dB    V 40.4498 dB] [ET 11125 ] [L0 ] [L1 ]
Adding 155550 bytes of padding
POC    6 TId: 0 ( I-SLICE, QP 22 )   26313616 bits [Y 33.5253 dB    U 40.5189 dB    V 40.4814 dB] [ET 11221 ] [L0 ] [L1 ]
Adding 156912 bytes of padding
POC    7 TId: 0 ( I-SLICE, QP 22 )   26245848 bits [Y 32.5924 dB    U 40.5674 dB    V 40.5535 dB] [ET 11174 ] [L0 ] [L1 ]

	Total Frames |   Bitrate     Y-PSNR    U-PSNR    V-PSNR    YUV-PSNR 
	        8    a  198333.6450   33.6765   40.6478   40.5865   34.9706

 finished @ Thu May 23 23:24:12 2019
 Total Time:    89305.728 sec. [user]    89311.856 sec. [elapsed]
